[2026-05-23T13:35:21.992+0000] {taskinstance.py:1956} INFO - Dependencies all met for dep_context=non-requeueable deps ti=<TaskInstance: weather_pipeline_pakistan.create_table manual__2026-05-23T13:35:18.639948+00:00 [queued]>
[2026-05-23T13:35:22.003+0000] {taskinstance.py:1956} INFO - Dependencies all met for dep_context=requeueable deps ti=<TaskInstance: weather_pipeline_pakistan.create_table manual__2026-05-23T13:35:18.639948+00:00 [queued]>
[2026-05-23T13:35:22.004+0000] {taskinstance.py:2170} INFO - Starting attempt 1 of 4
[2026-05-23T13:35:22.026+0000] {taskinstance.py:2191} INFO - Executing <Task(PostgresOperator): create_table> on 2026-05-23 13:35:18.639948+00:00
[2026-05-23T13:35:22.038+0000] {standard_task_runner.py:60} INFO - Started process 1031 to run task
[2026-05-23T13:35:22.043+0000] {standard_task_runner.py:87} INFO - Running: ['***', 'tasks', 'run', 'weather_pipeline_pakistan', 'create_table', 'manual__2026-05-23T13:35:18.639948+00:00', '--job-id', '17', '--raw', '--subdir', 'DAGS_FOLDER/weather_pipeline.py', '--cfg-path', '/tmp/tmpwt1tkxkg']
[2026-05-23T13:35:22.046+0000] {standard_task_runner.py:88} INFO - Job 17: Subtask create_table
[2026-05-23T13:35:22.161+0000] {task_command.py:423} INFO - Running <TaskInstance: weather_pipeline_pakistan.create_table manual__2026-05-23T13:35:18.639948+00:00 [running]> on host c1ea602d9dbe
[2026-05-23T13:35:24.009+0000] {taskinstance.py:2480} INFO - Exporting env vars: AIRFLOW_CTX_DAG_OWNER='hamza' AIRFLOW_CTX_DAG_ID='weather_pipeline_pakistan' AIRFLOW_CTX_TASK_ID='create_table' AIRFLOW_CTX_EXECUTION_DATE='2026-05-23T13:35:18.639948+00:00' AIRFLOW_CTX_TRY_NUMBER='1' AIRFLOW_CTX_DAG_RUN_ID='manual__2026-05-23T13:35:18.639948+00:00'
[2026-05-23T13:35:24.012+0000] {sql.py:276} INFO - Executing: 
            CREATE TABLE IF NOT EXISTS weather_data (
                id              SERIAL PRIMARY KEY,
                city            VARCHAR(50),
                timestamp       TIMESTAMP,
                temperature     FLOAT,
                humidity        INTEGER,
                wind_speed      FLOAT,
                precipitation   FLOAT,
                weather_code    INTEGER,
                condition       VARCHAR(50),
                temp_fahrenheit FLOAT,
                date            VARCHAR(20),
                hour            INTEGER,
                fetched_at      VARCHAR(50)
            );
        
[2026-05-23T13:35:24.041+0000] {base.py:83} INFO - Using connection ID 'postgres_***' for task execution.
[2026-05-23T13:35:24.062+0000] {base.py:83} INFO - Using connection ID 'postgres_***' for task execution.
[2026-05-23T13:35:24.085+0000] {sql.py:450} INFO - Running statement: 
            CREATE TABLE IF NOT EXISTS ***_data (
                id              SERIAL PRIMARY KEY,
                city            VARCHAR(50),
                timestamp       TIMESTAMP,
                temperature     FLOAT,
                humidity        INTEGER,
                wind_speed      FLOAT,
                precipitation   FLOAT,
                ***_code    INTEGER,
                condition       VARCHAR(50),
                temp_fahrenheit FLOAT,
                date            VARCHAR(20),
                hour            INTEGER,
                fetched_at      VARCHAR(50)
            );
        , parameters: None
[2026-05-23T13:35:24.112+0000] {taskinstance.py:1138} INFO - Marking task as SUCCESS. dag_id=***_pipeline_pakistan, task_id=create_table, execution_date=20260523T133518, start_date=20260523T133521, end_date=20260523T133524
[2026-05-23T13:35:24.190+0000] {local_task_job_runner.py:234} INFO - Task exited with return code 0
[2026-05-23T13:35:24.241+0000] {taskinstance.py:3280} INFO - 1 downstream tasks scheduled from follow-on schedule check
