[2026-05-23T13:27:41.907+0000] {taskinstance.py:1956} INFO - Dependencies all met for dep_context=non-requeueable deps ti=<TaskInstance: weather_pipeline_pakistan.transform_weather manual__2026-05-23T13:19:36.512019+00:00 [queued]>
[2026-05-23T13:27:41.951+0000] {taskinstance.py:1956} INFO - Dependencies all met for dep_context=requeueable deps ti=<TaskInstance: weather_pipeline_pakistan.transform_weather manual__2026-05-23T13:19:36.512019+00:00 [queued]>
[2026-05-23T13:27:41.951+0000] {taskinstance.py:2170} INFO - Starting attempt 3 of 6
[2026-05-23T13:27:42.007+0000] {taskinstance.py:2191} INFO - Executing <Task(PythonOperator): transform_weather> on 2026-05-23 13:19:36.512019+00:00
[2026-05-23T13:27:42.119+0000] {standard_task_runner.py:60} INFO - Started process 929 to run task
[2026-05-23T13:27:42.170+0000] {standard_task_runner.py:87} INFO - Running: ['***', 'tasks', 'run', 'weather_pipeline_pakistan', 'transform_weather', 'manual__2026-05-23T13:19:36.512019+00:00', '--job-id', '11', '--raw', '--subdir', 'DAGS_FOLDER/weather_pipeline.py', '--cfg-path', '/tmp/tmp6jbabkny']
[2026-05-23T13:27:42.209+0000] {standard_task_runner.py:88} INFO - Job 11: Subtask transform_weather
[2026-05-23T13:27:42.828+0000] {task_command.py:423} INFO - Running <TaskInstance: weather_pipeline_pakistan.transform_weather manual__2026-05-23T13:19:36.512019+00:00 [running]> on host c1ea602d9dbe
[2026-05-23T13:27:53.632+0000] {taskinstance.py:2480} INFO - Exporting env vars: AIRFLOW_CTX_DAG_OWNER='hamza' AIRFLOW_CTX_DAG_ID='weather_pipeline_pakistan' AIRFLOW_CTX_TASK_ID='transform_weather' AIRFLOW_CTX_EXECUTION_DATE='2026-05-23T13:19:36.512019+00:00' AIRFLOW_CTX_TRY_NUMBER='3' AIRFLOW_CTX_DAG_RUN_ID='manual__2026-05-23T13:19:36.512019+00:00'
[2026-05-23T13:27:53.824+0000] {taskinstance.py:2698} ERROR - Task failed with exception
Traceback (most recent call last):
  File "/home/airflow/.local/lib/python3.8/site-packages/airflow/models/taskinstance.py", line 433, in _execute_task
    result = execute_callable(context=context, **execute_callable_kwargs)
  File "/home/airflow/.local/lib/python3.8/site-packages/airflow/operators/python.py", line 199, in execute
    return_value = self.execute_callable()
  File "/home/airflow/.local/lib/python3.8/site-packages/airflow/operators/python.py", line 216, in execute_callable
    return self.python_callable(*self.op_args, **self.op_kwargs)
  File "/opt/airflow/dags/weather_pipeline.py", line 78, in transform_weather_data
    df['date']              = df['timestamp'].dt.date.astype(str)
  File "/home/airflow/.local/lib/python3.8/site-packages/pandas/core/generic.py", line 5989, in __getattr__
    return object.__getattribute__(self, name)
  File "/home/airflow/.local/lib/python3.8/site-packages/pandas/core/accessor.py", line 224, in __get__
    accessor_obj = self._accessor(obj)
  File "/home/airflow/.local/lib/python3.8/site-packages/pandas/core/indexes/accessors.py", line 580, in __new__
    raise AttributeError("Can only use .dt accessor with datetimelike values")
AttributeError: Can only use .dt accessor with datetimelike values
[2026-05-23T13:27:53.880+0000] {taskinstance.py:1138} INFO - Marking task as UP_FOR_RETRY. dag_id=weather_pipeline_pakistan, task_id=transform_weather, execution_date=20260523T131936, start_date=20260523T132741, end_date=20260523T132753
[2026-05-23T13:27:53.921+0000] {standard_task_runner.py:107} ERROR - Failed to execute job 11 for task transform_weather (Can only use .dt accessor with datetimelike values; 929)
[2026-05-23T13:27:54.029+0000] {local_task_job_runner.py:234} INFO - Task exited with return code 1
[2026-05-23T13:27:57.249+0000] {taskinstance.py:3280} INFO - 0 downstream tasks scheduled from follow-on schedule check
