[2026-05-23T13:20:40.877+0000] {taskinstance.py:1956} INFO - Dependencies all met for dep_context=non-requeueable deps ti=<TaskInstance: weather_pipeline_pakistan.transform_weather manual__2026-05-23T13:19:36.512019+00:00 [queued]>
[2026-05-23T13:20:40.896+0000] {taskinstance.py:1956} INFO - Dependencies all met for dep_context=requeueable deps ti=<TaskInstance: weather_pipeline_pakistan.transform_weather manual__2026-05-23T13:19:36.512019+00:00 [queued]>
[2026-05-23T13:20:40.897+0000] {taskinstance.py:2170} INFO - Starting attempt 1 of 4
[2026-05-23T13:20:40.923+0000] {taskinstance.py:2191} INFO - Executing <Task(PythonOperator): transform_weather> on 2026-05-23 13:19:36.512019+00:00
[2026-05-23T13:20:40.939+0000] {standard_task_runner.py:60} INFO - Started process 860 to run task
[2026-05-23T13:20:40.945+0000] {standard_task_runner.py:87} INFO - Running: ['***', 'tasks', 'run', 'weather_pipeline_pakistan', 'transform_weather', 'manual__2026-05-23T13:19:36.512019+00:00', '--job-id', '8', '--raw', '--subdir', 'DAGS_FOLDER/weather_pipeline.py', '--cfg-path', '/tmp/tmppa0ic62m']
[2026-05-23T13:20:40.950+0000] {standard_task_runner.py:88} INFO - Job 8: Subtask transform_weather
[2026-05-23T13:20:41.054+0000] {task_command.py:423} INFO - Running <TaskInstance: weather_pipeline_pakistan.transform_weather manual__2026-05-23T13:19:36.512019+00:00 [running]> on host c1ea602d9dbe
[2026-05-23T13:20:41.550+0000] {taskinstance.py:2480} INFO - Exporting env vars: AIRFLOW_CTX_DAG_OWNER='hamza' AIRFLOW_CTX_DAG_ID='weather_pipeline_pakistan' AIRFLOW_CTX_TASK_ID='transform_weather' AIRFLOW_CTX_EXECUTION_DATE='2026-05-23T13:19:36.512019+00:00' AIRFLOW_CTX_TRY_NUMBER='1' AIRFLOW_CTX_DAG_RUN_ID='manual__2026-05-23T13:19:36.512019+00:00'
[2026-05-23T13:20:41.601+0000] {xcom.py:664} ERROR - Object of type Timestamp is not JSON serializable. If you are using pickle instead of JSON for XCom, then you need to enable pickle support for XCom in your *** config or make sure to decorate your object with attr.
[2026-05-23T13:20:41.604+0000] {taskinstance.py:2698} ERROR - Task failed with exception
Traceback (most recent call last):
  File "/home/airflow/.local/lib/python3.8/site-packages/airflow/utils/json.py", line 91, in default
    return serialize(o)
  File "/home/airflow/.local/lib/python3.8/site-packages/airflow/serialization/serde.py", line 180, in serialize
    raise TypeError(f"cannot serialize object of type {cls}")
TypeError: cannot serialize object of type <class 'pandas._libs.tslibs.timestamps.Timestamp'>

During handling of the above exception, another exception occurred:

Traceback (most recent call last):
  File "/home/airflow/.local/lib/python3.8/site-packages/airflow/models/taskinstance.py", line 433, in _execute_task
    result = execute_callable(context=context, **execute_callable_kwargs)
  File "/home/airflow/.local/lib/python3.8/site-packages/airflow/operators/python.py", line 199, in execute
    return_value = self.execute_callable()
  File "/home/airflow/.local/lib/python3.8/site-packages/airflow/operators/python.py", line 216, in execute_callable
    return self.python_callable(*self.op_args, **self.op_kwargs)
  File "/opt/airflow/dags/weather_pipeline.py", line 82, in transform_weather_data
    context['ti'].xcom_push(key='transformed_data', value=transformed)
  File "/home/airflow/.local/lib/python3.8/site-packages/airflow/utils/session.py", line 79, in wrapper
    return func(*args, session=session, **kwargs)
  File "/home/airflow/.local/lib/python3.8/site-packages/airflow/models/taskinstance.py", line 2980, in xcom_push
    XCom.set(
  File "/home/airflow/.local/lib/python3.8/site-packages/airflow/utils/session.py", line 76, in wrapper
    return func(*args, **kwargs)
  File "/home/airflow/.local/lib/python3.8/site-packages/airflow/models/xcom.py", line 247, in set
    value = cls.serialize_value(
  File "/home/airflow/.local/lib/python3.8/site-packages/airflow/models/xcom.py", line 662, in serialize_value
    return json.dumps(value, cls=XComEncoder).encode("UTF-8")
  File "/usr/local/lib/python3.8/json/__init__.py", line 234, in dumps
    return cls(
  File "/home/airflow/.local/lib/python3.8/site-packages/airflow/utils/json.py", line 104, in encode
    return super().encode(o)
  File "/usr/local/lib/python3.8/json/encoder.py", line 199, in encode
    chunks = self.iterencode(o, _one_shot=True)
  File "/usr/local/lib/python3.8/json/encoder.py", line 257, in iterencode
    return _iterencode(o, 0)
  File "/home/airflow/.local/lib/python3.8/site-packages/airflow/utils/json.py", line 93, in default
    return super().default(o)
  File "/usr/local/lib/python3.8/json/encoder.py", line 179, in default
    raise TypeError(f'Object of type {o.__class__.__name__} '
TypeError: Object of type Timestamp is not JSON serializable
[2026-05-23T13:20:41.634+0000] {taskinstance.py:1138} INFO - Marking task as UP_FOR_RETRY. dag_id=weather_pipeline_pakistan, task_id=transform_weather, execution_date=20260523T131936, start_date=20260523T132040, end_date=20260523T132041
[2026-05-23T13:20:41.652+0000] {standard_task_runner.py:107} ERROR - Failed to execute job 8 for task transform_weather (Object of type Timestamp is not JSON serializable; 860)
[2026-05-23T13:20:41.687+0000] {local_task_job_runner.py:234} INFO - Task exited with return code 1
[2026-05-23T13:20:41.712+0000] {taskinstance.py:3280} INFO - 0 downstream tasks scheduled from follow-on schedule check
