[2026-05-23T13:36:52.655+0000] {taskinstance.py:1956} INFO - Dependencies all met for dep_context=non-requeueable deps ti=<TaskInstance: weather_pipeline_pakistan.create_table manual__2026-05-23T13:36:46.112341+00:00 [queued]>
[2026-05-23T13:36:52.693+0000] {taskinstance.py:1956} INFO - Dependencies all met for dep_context=requeueable deps ti=<TaskInstance: weather_pipeline_pakistan.create_table manual__2026-05-23T13:36:46.112341+00:00 [queued]>
[2026-05-23T13:36:52.695+0000] {taskinstance.py:2170} INFO - Starting attempt 1 of 4
[2026-05-23T13:36:52.744+0000] {taskinstance.py:2191} INFO - Executing <Task(PostgresOperator): create_table> on 2026-05-23 13:36:46.112341+00:00
[2026-05-23T13:36:52.826+0000] {standard_task_runner.py:60} INFO - Started process 1055 to run task
[2026-05-23T13:36:52.856+0000] {standard_task_runner.py:87} INFO - Running: ['***', 'tasks', 'run', 'weather_pipeline_pakistan', 'create_table', 'manual__2026-05-23T13:36:46.112341+00:00', '--job-id', '21', '--raw', '--subdir', 'DAGS_FOLDER/weather_pipeline.py', '--cfg-path', '/tmp/tmp8_prmwkh']
[2026-05-23T13:36:52.866+0000] {standard_task_runner.py:88} INFO - Job 21: Subtask create_table
[2026-05-23T13:36:53.154+0000] {task_command.py:423} INFO - Running <TaskInstance: weather_pipeline_pakistan.create_table manual__2026-05-23T13:36:46.112341+00:00 [running]> on host c1ea602d9dbe
[2026-05-23T13:36:59.063+0000] {taskinstance.py:2480} INFO - Exporting env vars: AIRFLOW_CTX_DAG_OWNER='hamza' AIRFLOW_CTX_DAG_ID='weather_pipeline_pakistan' AIRFLOW_CTX_TASK_ID='create_table' AIRFLOW_CTX_EXECUTION_DATE='2026-05-23T13:36:46.112341+00:00' AIRFLOW_CTX_TRY_NUMBER='1' AIRFLOW_CTX_DAG_RUN_ID='manual__2026-05-23T13:36:46.112341+00:00'
[2026-05-23T13:36:59.090+0000] {sql.py:276} INFO - Executing: 
            CREATE TABLE IF NOT EXISTS weather_data (
                id              SERIAL PRIMARY KEY,
                city            VARCHAR(50),
                timestamp       TIMESTAMP,
                temperature     FLOAT,
                humidity        INTEGER,
                wind_speed      FLOAT,
                precipitation   FLOAT,
                weather_code    INTEGER,
                condition       VARCHAR(50),
                temp_fahrenheit FLOAT,
                date            VARCHAR(20),
                hour            INTEGER,
                fetched_at      VARCHAR(50)
            );
        
[2026-05-23T13:36:59.166+0000] {base.py:83} INFO - Using connection ID 'postgres_***' for task execution.
[2026-05-23T13:36:59.257+0000] {base.py:83} INFO - Using connection ID 'postgres_***' for task execution.
[2026-05-23T13:36:59.551+0000] {sql.py:450} INFO - Running statement: 
            CREATE TABLE IF NOT EXISTS ***_data (
                id              SERIAL PRIMARY KEY,
                city            VARCHAR(50),
                timestamp       TIMESTAMP,
                temperature     FLOAT,
                humidity        INTEGER,
                wind_speed      FLOAT,
                precipitation   FLOAT,
                ***_code    INTEGER,
                condition       VARCHAR(50),
                temp_fahrenheit FLOAT,
                date            VARCHAR(20),
                hour            INTEGER,
                fetched_at      VARCHAR(50)
            );
        , parameters: None
[2026-05-23T13:36:59.684+0000] {taskinstance.py:1138} INFO - Marking task as SUCCESS. dag_id=***_pipeline_pakistan, task_id=create_table, execution_date=20260523T133646, start_date=20260523T133652, end_date=20260523T133659
[2026-05-23T13:37:00.170+0000] {local_task_job_runner.py:234} INFO - Task exited with return code 0
[2026-05-23T13:37:03.527+0000] {taskinstance.py:3280} INFO - 0 downstream tasks scheduled from follow-on schedule check
