[2026-05-23T10:45:09.239+0000] {manager.py:469} INFO - Processing files using up to 2 processes at a time 
[2026-05-23T10:45:09.241+0000] {manager.py:470} INFO - Process each file at most once every 30 seconds
[2026-05-23T10:45:09.242+0000] {manager.py:471} INFO - Checking for new files in /opt/airflow/dags every 300 seconds
[2026-05-23T10:45:09.243+0000] {manager.py:738} INFO - Searching for files in /opt/airflow/dags
[2026-05-23T10:45:09.374+0000] {manager.py:741} INFO - There are 1 files in /opt/airflow/dags
[2026-05-23T10:45:09.816+0000] {manager.py:879} INFO - 
================================================================================
DAG File Processing Stats

File Path                                PID  Runtime      # DAGs    # Errors  Last Runtime    Last Run
-------------------------------------  -----  ---------  --------  ----------  --------------  ----------
/opt/airflow/dags/weather_pipeline.py    171  0.12s             0           0
================================================================================
[2026-05-23T10:45:39.129+0000] {manager.py:879} INFO - 
================================================================================
DAG File Processing Stats

File Path                              PID    Runtime      # DAGs    # Errors  Last Runtime    Last Run
-------------------------------------  -----  ---------  --------  ----------  --------------  -------------------
/opt/airflow/dags/weather_pipeline.py                           1           0  2.72s           2026-05-23T10:45:12
================================================================================
[2026-05-23T10:46:08.374+0000] {manager.py:879} INFO - 
================================================================================
DAG File Processing Stats

File Path                              PID    Runtime      # DAGs    # Errors  Last Runtime    Last Run
-------------------------------------  -----  ---------  --------  ----------  --------------  -------------------
/opt/airflow/dags/weather_pipeline.py                           1           0  0.31s           2026-05-23T10:45:43
================================================================================
[2026-05-23T10:46:37.468+0000] {manager.py:879} INFO - 
================================================================================
DAG File Processing Stats

File Path                              PID    Runtime      # DAGs    # Errors  Last Runtime    Last Run
-------------------------------------  -----  ---------  --------  ----------  --------------  -------------------
/opt/airflow/dags/weather_pipeline.py                           1           0  6.16s           2026-05-23T10:46:19
================================================================================
[2026-05-23T10:47:06.570+0000] {manager.py:879} INFO - 
================================================================================
DAG File Processing Stats

File Path                              PID    Runtime      # DAGs    # Errors  Last Runtime    Last Run
-------------------------------------  -----  ---------  --------  ----------  --------------  -------------------
/opt/airflow/dags/weather_pipeline.py                           1           0  0.72s           2026-05-23T10:46:50
================================================================================
[2026-05-23T10:47:35.785+0000] {manager.py:879} INFO - 
================================================================================
DAG File Processing Stats

File Path                              PID    Runtime      # DAGs    # Errors  Last Runtime    Last Run
-------------------------------------  -----  ---------  --------  ----------  --------------  -------------------
/opt/airflow/dags/weather_pipeline.py                           1           0  0.80s           2026-05-23T10:47:21
================================================================================
[2026-05-23T10:48:05.119+0000] {manager.py:879} INFO - 
================================================================================
DAG File Processing Stats

File Path                              PID    Runtime      # DAGs    # Errors  Last Runtime    Last Run
-------------------------------------  -----  ---------  --------  ----------  --------------  -------------------
/opt/airflow/dags/weather_pipeline.py                           1           0  0.40s           2026-05-23T10:47:52
================================================================================
[2026-05-23T10:48:34.551+0000] {manager.py:879} INFO - 
================================================================================
DAG File Processing Stats

File Path                              PID    Runtime      # DAGs    # Errors  Last Runtime    Last Run
-------------------------------------  -----  ---------  --------  ----------  --------------  -------------------
/opt/airflow/dags/weather_pipeline.py                           1           0  4.05s           2026-05-23T10:48:26
================================================================================
[2026-05-23T10:49:03.988+0000] {manager.py:879} INFO - 
================================================================================
DAG File Processing Stats

File Path                              PID    Runtime      # DAGs    # Errors  Last Runtime    Last Run
-------------------------------------  -----  ---------  --------  ----------  --------------  -------------------
/opt/airflow/dags/weather_pipeline.py                           1           0  0.70s           2026-05-23T10:48:57
================================================================================
[2026-05-23T10:49:33.232+0000] {manager.py:879} INFO - 
================================================================================
DAG File Processing Stats

File Path                              PID    Runtime      # DAGs    # Errors  Last Runtime    Last Run
-------------------------------------  -----  ---------  --------  ----------  --------------  -------------------
/opt/airflow/dags/weather_pipeline.py                           1           0  0.50s           2026-05-23T10:49:28
================================================================================
[2026-05-23T10:50:02.571+0000] {manager.py:879} INFO - 
================================================================================
DAG File Processing Stats

File Path                              PID    Runtime      # DAGs    # Errors  Last Runtime    Last Run
-------------------------------------  -----  ---------  --------  ----------  --------------  -------------------
/opt/airflow/dags/weather_pipeline.py                           1           0  3.80s           2026-05-23T10:50:02
================================================================================
[2026-05-23T10:50:09.652+0000] {manager.py:738} INFO - Searching for files in /opt/airflow/dags
[2026-05-23T10:50:09.704+0000] {manager.py:741} INFO - There are 1 files in /opt/airflow/dags
[2026-05-23T10:50:32.040+0000] {manager.py:879} INFO - 
================================================================================
DAG File Processing Stats

File Path                              PID    Runtime      # DAGs    # Errors  Last Runtime    Last Run
-------------------------------------  -----  ---------  --------  ----------  --------------  -------------------
/opt/airflow/dags/weather_pipeline.py                           1           0  3.80s           2026-05-23T10:50:02
================================================================================
[2026-05-23T10:51:01.756+0000] {manager.py:879} INFO - 
================================================================================
DAG File Processing Stats

File Path                              PID    Runtime      # DAGs    # Errors  Last Runtime    Last Run
-------------------------------------  -----  ---------  --------  ----------  --------------  -------------------
/opt/airflow/dags/weather_pipeline.py                           1           0  0.46s           2026-05-23T10:50:33
================================================================================
[2026-05-23T10:51:31.168+0000] {manager.py:879} INFO - 
================================================================================
DAG File Processing Stats

File Path                              PID    Runtime      # DAGs    # Errors  Last Runtime    Last Run
-------------------------------------  -----  ---------  --------  ----------  --------------  -------------------
/opt/airflow/dags/weather_pipeline.py                           1           0  1.03s           2026-05-23T10:51:04
================================================================================
[2026-05-23T10:52:00.552+0000] {manager.py:879} INFO - 
================================================================================
DAG File Processing Stats

File Path                              PID    Runtime      # DAGs    # Errors  Last Runtime    Last Run
-------------------------------------  -----  ---------  --------  ----------  --------------  -------------------
/opt/airflow/dags/weather_pipeline.py                           1           0  2.10s           2026-05-23T10:51:37
================================================================================
[2026-05-23T10:52:30.080+0000] {manager.py:879} INFO - 
================================================================================
DAG File Processing Stats

File Path                              PID    Runtime      # DAGs    # Errors  Last Runtime    Last Run
-------------------------------------  -----  ---------  --------  ----------  --------------  -------------------
/opt/airflow/dags/weather_pipeline.py                           1           0  4.55s           2026-05-23T10:52:12
================================================================================
[2026-05-23T10:52:59.613+0000] {manager.py:879} INFO - 
================================================================================
DAG File Processing Stats

File Path                              PID    Runtime      # DAGs    # Errors  Last Runtime    Last Run
-------------------------------------  -----  ---------  --------  ----------  --------------  -------------------
/opt/airflow/dags/weather_pipeline.py                           1           0  0.60s           2026-05-23T10:52:42
================================================================================
[2026-05-23T10:53:29.306+0000] {manager.py:879} INFO - 
================================================================================
DAG File Processing Stats

File Path                              PID    Runtime      # DAGs    # Errors  Last Runtime    Last Run
-------------------------------------  -----  ---------  --------  ----------  --------------  -------------------
/opt/airflow/dags/weather_pipeline.py                           1           0  3.36s           2026-05-23T10:53:16
================================================================================
[2026-05-23T10:53:58.732+0000] {manager.py:879} INFO - 
================================================================================
DAG File Processing Stats

File Path                              PID    Runtime      # DAGs    # Errors  Last Runtime    Last Run
-------------------------------------  -----  ---------  --------  ----------  --------------  -------------------
/opt/airflow/dags/weather_pipeline.py                           1           0  3.79s           2026-05-23T10:53:50
================================================================================
[2026-05-23T10:54:27.961+0000] {manager.py:879} INFO - 
================================================================================
DAG File Processing Stats

File Path                              PID    Runtime      # DAGs    # Errors  Last Runtime    Last Run
-------------------------------------  -----  ---------  --------  ----------  --------------  -------------------
/opt/airflow/dags/weather_pipeline.py                           1           0  0.48s           2026-05-23T10:54:21
================================================================================
[2026-05-23T10:54:57.347+0000] {manager.py:879} INFO - 
================================================================================
DAG File Processing Stats

File Path                              PID    Runtime      # DAGs    # Errors  Last Runtime    Last Run
-------------------------------------  -----  ---------  --------  ----------  --------------  -------------------
/opt/airflow/dags/weather_pipeline.py                           1           0  3.46s           2026-05-23T10:54:54
================================================================================
[2026-05-23T10:55:09.890+0000] {manager.py:738} INFO - Searching for files in /opt/airflow/dags
[2026-05-23T10:55:09.909+0000] {manager.py:741} INFO - There are 1 files in /opt/airflow/dags
[2026-05-23T10:55:26.441+0000] {manager.py:879} INFO - 
================================================================================
DAG File Processing Stats

File Path                              PID    Runtime      # DAGs    # Errors  Last Runtime    Last Run
-------------------------------------  -----  ---------  --------  ----------  --------------  -------------------
/opt/airflow/dags/weather_pipeline.py                           1           0  0.37s           2026-05-23T10:55:25
================================================================================
[2026-05-23T10:55:55.834+0000] {manager.py:879} INFO - 
================================================================================
DAG File Processing Stats

File Path                                PID  Runtime      # DAGs    # Errors  Last Runtime    Last Run
-------------------------------------  -----  ---------  --------  ----------  --------------  -------------------
/opt/airflow/dags/weather_pipeline.py    291  0.06s             1           0  0.37s           2026-05-23T10:55:25
================================================================================
[2026-05-23T10:56:24.869+0000] {manager.py:879} INFO - 
================================================================================
DAG File Processing Stats

File Path                              PID    Runtime      # DAGs    # Errors  Last Runtime    Last Run
-------------------------------------  -----  ---------  --------  ----------  --------------  -------------------
/opt/airflow/dags/weather_pipeline.py                           1           0  1.86s           2026-05-23T10:55:57
================================================================================
[2026-05-23T10:56:53.786+0000] {manager.py:879} INFO - 
================================================================================
DAG File Processing Stats

File Path                              PID    Runtime      # DAGs    # Errors  Last Runtime    Last Run
-------------------------------------  -----  ---------  --------  ----------  --------------  -------------------
/opt/airflow/dags/weather_pipeline.py                           1           0  1.71s           2026-05-23T10:56:29
================================================================================
[2026-05-23T10:57:23.277+0000] {manager.py:879} INFO - 
================================================================================
DAG File Processing Stats

File Path                              PID    Runtime      # DAGs    # Errors  Last Runtime    Last Run
-------------------------------------  -----  ---------  --------  ----------  --------------  -------------------
/opt/airflow/dags/weather_pipeline.py                           1           0  2.33s           2026-05-23T10:57:02
================================================================================
[2026-05-23T10:57:52.756+0000] {manager.py:879} INFO - 
================================================================================
DAG File Processing Stats

File Path                              PID    Runtime      # DAGs    # Errors  Last Runtime    Last Run
-------------------------------------  -----  ---------  --------  ----------  --------------  -------------------
/opt/airflow/dags/weather_pipeline.py                           1           0  0.33s           2026-05-23T10:57:32
================================================================================
[2026-05-23T10:58:22.558+0000] {manager.py:879} INFO - 
================================================================================
DAG File Processing Stats

File Path                              PID    Runtime      # DAGs    # Errors  Last Runtime    Last Run
-------------------------------------  -----  ---------  --------  ----------  --------------  -------------------
/opt/airflow/dags/weather_pipeline.py                           1           0  3.55s           2026-05-23T10:58:06
================================================================================
[2026-05-23T10:58:52.178+0000] {manager.py:879} INFO - 
================================================================================
DAG File Processing Stats

File Path                              PID    Runtime      # DAGs    # Errors  Last Runtime    Last Run
-------------------------------------  -----  ---------  --------  ----------  --------------  -------------------
/opt/airflow/dags/weather_pipeline.py                           1           0  6.93s           2026-05-23T10:58:43
================================================================================
[2026-05-23T10:59:21.405+0000] {manager.py:879} INFO - 
================================================================================
DAG File Processing Stats

File Path                              PID    Runtime      # DAGs    # Errors  Last Runtime    Last Run
-------------------------------------  -----  ---------  --------  ----------  --------------  -------------------
/opt/airflow/dags/weather_pipeline.py                           1           0  6.92s           2026-05-23T10:59:21
================================================================================
[2026-05-23T10:59:50.699+0000] {manager.py:879} INFO - 
================================================================================
DAG File Processing Stats

File Path                              PID    Runtime      # DAGs    # Errors  Last Runtime    Last Run
-------------------------------------  -----  ---------  --------  ----------  --------------  -------------------
/opt/airflow/dags/weather_pipeline.py                           1           0  6.92s           2026-05-23T10:59:21
================================================================================
[2026-05-23T11:00:10.037+0000] {manager.py:738} INFO - Searching for files in /opt/airflow/dags
[2026-05-23T11:00:10.061+0000] {manager.py:741} INFO - There are 1 files in /opt/airflow/dags
[2026-05-23T11:00:20.182+0000] {manager.py:879} INFO - 
================================================================================
DAG File Processing Stats

File Path                              PID    Runtime      # DAGs    # Errors  Last Runtime    Last Run
-------------------------------------  -----  ---------  --------  ----------  --------------  -------------------
/opt/airflow/dags/weather_pipeline.py                           1           0  1.16s           2026-05-23T10:59:52
================================================================================
[2026-05-23T11:00:49.352+0000] {manager.py:879} INFO - 
================================================================================
DAG File Processing Stats

File Path                              PID    Runtime      # DAGs    # Errors  Last Runtime    Last Run
-------------------------------------  -----  ---------  --------  ----------  --------------  -------------------
/opt/airflow/dags/weather_pipeline.py                           1           0  0.91s           2026-05-23T11:00:24
================================================================================
[2026-05-23T11:01:18.713+0000] {manager.py:879} INFO - 
================================================================================
DAG File Processing Stats

File Path                              PID    Runtime      # DAGs    # Errors  Last Runtime    Last Run
-------------------------------------  -----  ---------  --------  ----------  --------------  -------------------
/opt/airflow/dags/weather_pipeline.py                           1           0  6.56s           2026-05-23T11:01:01
================================================================================
[2026-05-23T11:01:47.889+0000] {manager.py:879} INFO - 
================================================================================
DAG File Processing Stats

File Path                              PID    Runtime      # DAGs    # Errors  Last Runtime    Last Run
-------------------------------------  -----  ---------  --------  ----------  --------------  -------------------
/opt/airflow/dags/weather_pipeline.py                           1           0  0.41s           2026-05-23T11:01:31
================================================================================
[2026-05-23T11:02:17.212+0000] {manager.py:879} INFO - 
================================================================================
DAG File Processing Stats

File Path                              PID    Runtime      # DAGs    # Errors  Last Runtime    Last Run
-------------------------------------  -----  ---------  --------  ----------  --------------  -------------------
/opt/airflow/dags/weather_pipeline.py                           1           0  0.32s           2026-05-23T11:02:02
================================================================================
[2026-05-23T11:02:46.207+0000] {manager.py:879} INFO - 
================================================================================
DAG File Processing Stats

File Path                              PID    Runtime      # DAGs    # Errors  Last Runtime    Last Run
-------------------------------------  -----  ---------  --------  ----------  --------------  -------------------
/opt/airflow/dags/weather_pipeline.py                           1           0  0.44s           2026-05-23T11:02:33
================================================================================
[2026-05-23T11:03:15.536+0000] {manager.py:879} INFO - 
================================================================================
DAG File Processing Stats

File Path                              PID    Runtime      # DAGs    # Errors  Last Runtime    Last Run
-------------------------------------  -----  ---------  --------  ----------  --------------  -------------------
/opt/airflow/dags/weather_pipeline.py                           1           0  0.40s           2026-05-23T11:03:03
================================================================================
[2026-05-23T11:03:44.181+0000] {manager.py:879} INFO - 
================================================================================
DAG File Processing Stats

File Path                              PID    Runtime      # DAGs    # Errors  Last Runtime    Last Run
-------------------------------------  -----  ---------  --------  ----------  --------------  -------------------
/opt/airflow/dags/weather_pipeline.py                           1           0  0.30s           2026-05-23T11:03:34
================================================================================
[2026-05-23T11:04:13.681+0000] {manager.py:879} INFO - 
================================================================================
DAG File Processing Stats

File Path                              PID    Runtime      # DAGs    # Errors  Last Runtime    Last Run
-------------------------------------  -----  ---------  --------  ----------  --------------  -------------------
/opt/airflow/dags/weather_pipeline.py                           1           0  0.28s           2026-05-23T11:04:04
================================================================================
[2026-05-23T11:04:43.119+0000] {manager.py:879} INFO - 
================================================================================
DAG File Processing Stats

File Path                              PID    Runtime      # DAGs    # Errors  Last Runtime    Last Run
-------------------------------------  -----  ---------  --------  ----------  --------------  -------------------
/opt/airflow/dags/weather_pipeline.py                           1           0  0.40s           2026-05-23T11:04:35
================================================================================
[2026-05-23T11:05:10.635+0000] {manager.py:738} INFO - Searching for files in /opt/airflow/dags
[2026-05-23T11:05:10.675+0000] {manager.py:741} INFO - There are 1 files in /opt/airflow/dags
[2026-05-23T11:05:12.672+0000] {manager.py:879} INFO - 
================================================================================
DAG File Processing Stats

File Path                              PID    Runtime      # DAGs    # Errors  Last Runtime    Last Run
-------------------------------------  -----  ---------  --------  ----------  --------------  -------------------
/opt/airflow/dags/weather_pipeline.py                           1           0  0.39s           2026-05-23T11:05:05
================================================================================
[2026-05-23T11:05:42.163+0000] {manager.py:879} INFO - 
================================================================================
DAG File Processing Stats

File Path                              PID    Runtime      # DAGs    # Errors  Last Runtime    Last Run
-------------------------------------  -----  ---------  --------  ----------  --------------  -------------------
/opt/airflow/dags/weather_pipeline.py                           1           0  0.30s           2026-05-23T11:05:36
================================================================================
[2026-05-23T11:06:11.755+0000] {manager.py:879} INFO - 
================================================================================
DAG File Processing Stats

File Path                              PID    Runtime      # DAGs    # Errors  Last Runtime    Last Run
-------------------------------------  -----  ---------  --------  ----------  --------------  -------------------
/opt/airflow/dags/weather_pipeline.py                           1           0  0.29s           2026-05-23T11:06:07
================================================================================
[2026-05-23T11:06:40.780+0000] {manager.py:879} INFO - 
================================================================================
DAG File Processing Stats

File Path                              PID    Runtime      # DAGs    # Errors  Last Runtime    Last Run
-------------------------------------  -----  ---------  --------  ----------  --------------  -------------------
/opt/airflow/dags/weather_pipeline.py                           1           0  0.53s           2026-05-23T11:06:37
================================================================================
[2026-05-23T11:07:10.226+0000] {manager.py:879} INFO - 
================================================================================
DAG File Processing Stats

File Path                                PID  Runtime      # DAGs    # Errors  Last Runtime    Last Run
-------------------------------------  -----  ---------  --------  ----------  --------------  -------------------
/opt/airflow/dags/weather_pipeline.py    417  2.10s             1           0  0.53s           2026-05-23T11:06:37
================================================================================
[2026-05-23T11:07:39.214+0000] {manager.py:879} INFO - 
================================================================================
DAG File Processing Stats

File Path                              PID    Runtime      # DAGs    # Errors  Last Runtime    Last Run
-------------------------------------  -----  ---------  --------  ----------  --------------  -------------------
/opt/airflow/dags/weather_pipeline.py                           1           0  8.91s           2026-05-23T11:07:17
================================================================================
[2026-05-23T11:08:08.610+0000] {manager.py:879} INFO - 
================================================================================
DAG File Processing Stats

File Path                              PID    Runtime      # DAGs    # Errors  Last Runtime    Last Run
-------------------------------------  -----  ---------  --------  ----------  --------------  -------------------
/opt/airflow/dags/weather_pipeline.py                           1           0  1.79s           2026-05-23T11:07:49
================================================================================
[2026-05-23T11:08:37.798+0000] {manager.py:879} INFO - 
================================================================================
DAG File Processing Stats

File Path                              PID    Runtime      # DAGs    # Errors  Last Runtime    Last Run
-------------------------------------  -----  ---------  --------  ----------  --------------  -------------------
/opt/airflow/dags/weather_pipeline.py                           1           0  3.65s           2026-05-23T11:08:23
================================================================================
[2026-05-23T11:09:06.986+0000] {manager.py:879} INFO - 
================================================================================
DAG File Processing Stats

File Path                              PID    Runtime      # DAGs    # Errors  Last Runtime    Last Run
-------------------------------------  -----  ---------  --------  ----------  --------------  -------------------
/opt/airflow/dags/weather_pipeline.py                           1           0  3.27s           2026-05-23T11:08:57
================================================================================
[2026-05-23T11:09:36.147+0000] {manager.py:879} INFO - 
================================================================================
DAG File Processing Stats

File Path                              PID    Runtime      # DAGs    # Errors  Last Runtime    Last Run
-------------------------------------  -----  ---------  --------  ----------  --------------  -------------------
/opt/airflow/dags/weather_pipeline.py                           1           0  0.75s           2026-05-23T11:09:28
================================================================================
[2026-05-23T11:10:05.216+0000] {manager.py:879} INFO - 
================================================================================
DAG File Processing Stats

File Path                              PID    Runtime      # DAGs    # Errors  Last Runtime    Last Run
-------------------------------------  -----  ---------  --------  ----------  --------------  -------------------
/opt/airflow/dags/weather_pipeline.py                           1           0  0.83s           2026-05-23T11:09:59
================================================================================
[2026-05-23T11:10:11.256+0000] {manager.py:738} INFO - Searching for files in /opt/airflow/dags
[2026-05-23T11:10:11.274+0000] {manager.py:741} INFO - There are 1 files in /opt/airflow/dags
[2026-05-23T11:10:34.625+0000] {manager.py:879} INFO - 
================================================================================
DAG File Processing Stats

File Path                              PID    Runtime      # DAGs    # Errors  Last Runtime    Last Run
-------------------------------------  -----  ---------  --------  ----------  --------------  -------------------
/opt/airflow/dags/weather_pipeline.py                           1           0  0.33s           2026-05-23T11:10:29
================================================================================
[2026-05-23T11:11:03.744+0000] {manager.py:879} INFO - 
================================================================================
DAG File Processing Stats

File Path                              PID    Runtime      # DAGs    # Errors  Last Runtime    Last Run
-------------------------------------  -----  ---------  --------  ----------  --------------  -------------------
/opt/airflow/dags/weather_pipeline.py                           1           0  2.92s           2026-05-23T11:11:03
================================================================================
[2026-05-23T11:11:32.972+0000] {manager.py:879} INFO - 
================================================================================
DAG File Processing Stats

File Path                              PID    Runtime      # DAGs    # Errors  Last Runtime    Last Run
-------------------------------------  -----  ---------  --------  ----------  --------------  -------------------
/opt/airflow/dags/weather_pipeline.py                           1           0  2.92s           2026-05-23T11:11:03
================================================================================
[2026-05-23T11:12:02.249+0000] {manager.py:879} INFO - 
================================================================================
DAG File Processing Stats

File Path                              PID    Runtime      # DAGs    # Errors  Last Runtime    Last Run
-------------------------------------  -----  ---------  --------  ----------  --------------  -------------------
/opt/airflow/dags/weather_pipeline.py                           1           0  0.47s           2026-05-23T11:11:34
================================================================================
[2026-05-23T11:12:31.271+0000] {manager.py:879} INFO - 
================================================================================
DAG File Processing Stats

File Path                              PID    Runtime      # DAGs    # Errors  Last Runtime    Last Run
-------------------------------------  -----  ---------  --------  ----------  --------------  -------------------
/opt/airflow/dags/weather_pipeline.py                           1           0  0.47s           2026-05-23T11:12:05
================================================================================
[2026-05-23T11:13:01.006+0000] {manager.py:879} INFO - 
================================================================================
DAG File Processing Stats

File Path                              PID    Runtime      # DAGs    # Errors  Last Runtime    Last Run
-------------------------------------  -----  ---------  --------  ----------  --------------  -------------------
/opt/airflow/dags/weather_pipeline.py                           1           0  0.59s           2026-05-23T11:12:35
================================================================================
[2026-05-23T11:13:30.191+0000] {manager.py:879} INFO - 
================================================================================
DAG File Processing Stats

File Path                              PID    Runtime      # DAGs    # Errors  Last Runtime    Last Run
-------------------------------------  -----  ---------  --------  ----------  --------------  -------------------
/opt/airflow/dags/weather_pipeline.py                           1           0  4.04s           2026-05-23T11:13:10
================================================================================
[2026-05-23T11:13:59.532+0000] {manager.py:879} INFO - 
================================================================================
DAG File Processing Stats

File Path                              PID    Runtime      # DAGs    # Errors  Last Runtime    Last Run
-------------------------------------  -----  ---------  --------  ----------  --------------  -------------------
/opt/airflow/dags/weather_pipeline.py                           1           0  1.31s           2026-05-23T11:13:41
================================================================================
[2026-05-23T11:14:28.874+0000] {manager.py:879} INFO - 
================================================================================
DAG File Processing Stats

File Path                              PID    Runtime      # DAGs    # Errors  Last Runtime    Last Run
-------------------------------------  -----  ---------  --------  ----------  --------------  -------------------
/opt/airflow/dags/weather_pipeline.py                           1           0  0.92s           2026-05-23T11:14:12
================================================================================
[2026-05-23T11:14:58.093+0000] {manager.py:879} INFO - 
================================================================================
DAG File Processing Stats

File Path                              PID    Runtime      # DAGs    # Errors  Last Runtime    Last Run
-------------------------------------  -----  ---------  --------  ----------  --------------  -------------------
/opt/airflow/dags/weather_pipeline.py                           1           0  0.31s           2026-05-23T11:14:43
================================================================================
[2026-05-23T11:15:05.898+0000] {manager.py:451} INFO - Exiting gracefully upon receiving signal 15
